in format_flat_chrom.sh:
+ source get_col.sh
++ [[ get_col.sh == \f\o\r\m\a\t\_\f\l\a\t\_\c\h\r\o\m\.\s\h ]]
+ source gwas_format.sh
++ set -x
++ source get_col.sh
+++ [[ get_col.sh == \f\o\r\m\a\t\_\f\l\a\t\_\c\h\r\o\m\.\s\h ]]
++ [[ gwas_format.sh == \f\o\r\m\a\t\_\f\l\a\t\_\c\h\r\o\m\.\s\h ]]
+ echo ' - loaded modules'
 - loaded modules
+ set -euo pipefail
+ trap 'echo "script failed with exit code $? at line $LINENO" >&2' ERR
+ echo ' - set pipefail'
 - set pipefail
+ file=/nfs/turbo/sph-jvmorr/gwas_summary_statistics/METSIM/with_rsid/C100001554/C100001554_regenie_rsid.tsv.gz
+ chrom=1
+ af_thresh=0.05
+ snp_name=RSID
+ pos_name=GENPOS
+ chrom_name=CHROM
+ A1_name=ALLELE1
+ A2_name=ALLELE0
+ beta_hat_name=BETA
+ se_name=SE
+ p_value_name=LOG10P
+ af_name=A1FREQ
+ sample_size_name=N
+ effect_is_or=FALSE
+ output=C100001554_format_flat_chrom.tsv
+ echo ' - read function inputs'
 - read function inputs
+ parse_header /nfs/turbo/sph-jvmorr/gwas_summary_statistics/METSIM/with_rsid/C100001554/C100001554_regenie_rsid.tsv.gz
+ local file=/nfs/turbo/sph-jvmorr/gwas_summary_statistics/METSIM/with_rsid/C100001554/C100001554_regenie_rsid.tsv.gz
+ [[ ! -r /nfs/turbo/sph-jvmorr/gwas_summary_statistics/METSIM/with_rsid/C100001554/C100001554_regenie_rsid.tsv.gz ]]
+ [[ /nfs/turbo/sph-jvmorr/gwas_summary_statistics/METSIM/with_rsid/C100001554/C100001554_regenie_rsid.tsv.gz == *.gz ]]
++ awk 'NR==1 {print; exit}' /dev/fd/63
+++ gzip -cd /nfs/turbo/sph-jvmorr/gwas_summary_statistics/METSIM/with_rsid/C100001554/C100001554_regenie_rsid.tsv.gz
+ header='RSID	CHROM	GENPOS	ID	ALLELE0	ALLELE1	A1FREQ	INFO	N	TEST	BETA	SE	CHISQ	LOG10P	EXTRA'
+ [[ -z RSID	CHROM	GENPOS	ID	ALLELE0	ALLELE1	A1FREQ	INFO	N	TEST	BETA	SE	CHISQ	LOG10P	EXTRA ]]
+ IFS='	'
+ read -r -a cols
+ declare -gA col_indices
+ for i in "${!cols[@]}"
+ colname=RSID
++ sed 's/^[`"'\'' ]*//;s/[`"'\'' ]*$//'
++ echo RSID
+ colname=RSID
+ col_indices[$colname]=1
+ for i in "${!cols[@]}"
+ colname=CHROM
++ sed 's/^[`"'\'' ]*//;s/[`"'\'' ]*$//'
++ echo CHROM
+ colname=CHROM
+ col_indices[$colname]=2
+ for i in "${!cols[@]}"
+ colname=GENPOS
++ sed 's/^[`"'\'' ]*//;s/[`"'\'' ]*$//'
++ echo GENPOS
+ colname=GENPOS
+ col_indices[$colname]=3
+ for i in "${!cols[@]}"
+ colname=ID
++ sed 's/^[`"'\'' ]*//;s/[`"'\'' ]*$//'
++ echo ID
+ colname=ID
+ col_indices[$colname]=4
+ for i in "${!cols[@]}"
+ colname=ALLELE0
++ sed 's/^[`"'\'' ]*//;s/[`"'\'' ]*$//'
++ echo ALLELE0
+ colname=ALLELE0
+ col_indices[$colname]=5
+ for i in "${!cols[@]}"
+ colname=ALLELE1
++ sed 's/^[`"'\'' ]*//;s/[`"'\'' ]*$//'
++ echo ALLELE1
+ colname=ALLELE1
+ col_indices[$colname]=6
+ for i in "${!cols[@]}"
+ colname=A1FREQ
++ sed 's/^[`"'\'' ]*//;s/[`"'\'' ]*$//'
++ echo A1FREQ
+ colname=A1FREQ
+ col_indices[$colname]=7
+ for i in "${!cols[@]}"
+ colname=INFO
++ sed 's/^[`"'\'' ]*//;s/[`"'\'' ]*$//'
++ echo INFO
+ colname=INFO
+ col_indices[$colname]=8
+ for i in "${!cols[@]}"
+ colname=N
++ sed 's/^[`"'\'' ]*//;s/[`"'\'' ]*$//'
++ echo N
+ colname=N
+ col_indices[$colname]=9
+ for i in "${!cols[@]}"
+ colname=TEST
++ sed 's/^[`"'\'' ]*//;s/[`"'\'' ]*$//'
++ echo TEST
+ colname=TEST
+ col_indices[$colname]=10
+ for i in "${!cols[@]}"
+ colname=BETA
++ sed 's/^[`"'\'' ]*//;s/[`"'\'' ]*$//'
++ echo BETA
+ colname=BETA
+ col_indices[$colname]=11
+ for i in "${!cols[@]}"
+ colname=SE
++ sed 's/^[`"'\'' ]*//;s/[`"'\'' ]*$//'
++ echo SE
+ colname=SE
+ col_indices[$colname]=12
+ for i in "${!cols[@]}"
+ colname=CHISQ
++ sed 's/^[`"'\'' ]*//;s/[`"'\'' ]*$//'
++ echo CHISQ
+ colname=CHISQ
+ col_indices[$colname]=13
+ for i in "${!cols[@]}"
+ colname=LOG10P
++ sed 's/^[`"'\'' ]*//;s/[`"'\'' ]*$//'
++ echo LOG10P
+ colname=LOG10P
+ col_indices[$colname]=14
+ for i in "${!cols[@]}"
+ colname=EXTRA
++ sed 's/^[`"'\'' ]*//;s/[`"'\'' ]*$//'
++ echo EXTRA
+ colname=EXTRA
+ col_indices[$colname]=15
+ return 0
++ get_col RSID
++ local name=RSID
++ [[ RSID != '' ]]
++ [[ RSID != \N\A ]]
++ [[ -v col_indices[RSID] ]]
++ echo 1
+ snp_col_ind=1
++ get_col GENPOS
++ local name=GENPOS
++ [[ GENPOS != '' ]]
++ [[ GENPOS != \N\A ]]
++ [[ -v col_indices[GENPOS] ]]
++ echo 3
+ pos_col_ind=3
++ get_col CHROM
++ local name=CHROM
++ [[ CHROM != '' ]]
++ [[ CHROM != \N\A ]]
++ [[ -v col_indices[CHROM] ]]
++ echo 2
+ chrom_col_ind=2
++ get_col ALLELE1
++ local name=ALLELE1
++ [[ ALLELE1 != '' ]]
++ [[ ALLELE1 != \N\A ]]
++ [[ -v col_indices[ALLELE1] ]]
++ echo 6
+ A1_col_ind=6
++ get_col ALLELE0
++ local name=ALLELE0
++ [[ ALLELE0 != '' ]]
++ [[ ALLELE0 != \N\A ]]
++ [[ -v col_indices[ALLELE0] ]]
++ echo 5
+ A2_col_ind=5
++ get_col BETA
++ local name=BETA
++ [[ BETA != '' ]]
++ [[ BETA != \N\A ]]
++ [[ -v col_indices[BETA] ]]
++ echo 11
+ beta_col_ind=11
++ get_col SE
++ local name=SE
++ [[ SE != '' ]]
++ [[ SE != \N\A ]]
++ [[ -v col_indices[SE] ]]
++ echo 12
+ se_col_ind=12
++ get_col LOG10P
++ local name=LOG10P
++ [[ LOG10P != '' ]]
++ [[ LOG10P != \N\A ]]
++ [[ -v col_indices[LOG10P] ]]
++ echo 14
+ p_col_ind=14
++ get_col A1FREQ
++ local name=A1FREQ
++ [[ A1FREQ != '' ]]
++ [[ A1FREQ != \N\A ]]
++ [[ -v col_indices[A1FREQ] ]]
++ echo 7
+ af_col_ind=7
++ get_col N
++ local name=N
++ [[ N != '' ]]
++ [[ N != \N\A ]]
++ [[ -v col_indices[N] ]]
++ echo 9
+ ss_col_ind=9
+ echo ' - parsed gwas file header'
 - parsed gwas file header
+ echo 'Mem used after step 1: parsing gwas file header'
+ awk '/VmRSS/{print}' /proc/self/status
++ mktemp
+ file_filt=/tmp/tmp.0JDmlsHifW
+ [[ /nfs/turbo/sph-jvmorr/gwas_summary_statistics/METSIM/with_rsid/C100001554/C100001554_regenie_rsid.tsv.gz == *.gz ]]
+ awk '-F\t' -v snp_col=1 '
            NR==1 {print; next}
            {count[$snp_col]++; lines[NR]=$0; keys[NR]=$snp_col}
            END {for (i=2; i<=NR; i++) if (count[keys[i]]==1) print lines[i]}
      '
+ awk '-F\t' -v col=2 -v chrom=1 'NR==1 || $col == chrom'
+ gzip -cd /nfs/turbo/sph-jvmorr/gwas_summary_statistics/METSIM/with_rsid/C100001554/C100001554_regenie_rsid.tsv.gz
+ echo 'Mem used after step 2b: read and filter gwas file'
+ awk '/VmRSS/{print}' /proc/self/status
+++ dirname /nfs/turbo/sph-jvmorr/gwas_summary_statistics/METSIM/with_rsid/C100001554/C100001554_regenie_rsid.tsv.gz
++ basename /nfs/turbo/sph-jvmorr/gwas_summary_statistics/METSIM/with_rsid/C100001554
+ parentdir=C100001554
++ basename /nfs/turbo/sph-jvmorr/gwas_summary_statistics/METSIM/with_rsid/C100001554/C100001554_regenie_rsid.tsv.gz
+ fname=C100001554_regenie_rsid.tsv.gz
+ fname_noext=C100001554_regenie_rsid
+ harmon=C100001554_regenie_rsid_chrom1_harmon_snps.tsv
+ awk '-F\t' -v af_col=7 -v af_thresh=0.05 'NR==1 {print; next} ($af_col > af_thresh && $af_col < (1 - af_thresh)) {print}' /tmp/tmp.0JDmlsHifW
+ '[' false = true ']'
+ cp /tmp/tmp.0JDmlsHifW_af_filt /tmp/tmp.0JDmlsHifW_final
+ beta_hat=BETA
+ gwas_format /tmp/tmp.0JDmlsHifW_final out.tsv RSID BETA SE ALLELE1 ALLELE0 CHROM GENPOS LOG10P N A1FREQ TRUE
+ local input=/tmp/tmp.0JDmlsHifW_final
+ shift
+ local output=out.tsv
+ shift
+ local SNP_COL=RSID
+ shift
+ local BETA_COL=BETA
+ shift
+ local SE_COL=SE
+ shift
+ local A1_COL=ALLELE1
+ shift
+ local A2_COL=ALLELE0
+ shift
+ local CHROM_COL=CHROM
+ shift
+ local POS_COL=GENPOS
+ shift
+ local PVALUE_COL=LOG10P
+ shift
+ local SAMPLESIZE_COL=N
+ shift
+ local AF_COL=A1FREQ
+ shift
+ local compute_pval=TRUE
+ shift
++ mktemp
+ TMP=/tmp/tmp.QVC6DrVFf9
+ csvtk mutate -f A1,A2 -e 'toupper($A1),toupper($A2)' --name A1,A2 -R
+ csvtk rename -f RSID,snp -f BETA,beta_hat -f SE,se -f ALLELE1,A1 -f ALLELE0,A2 -f CHROM,chrom -f GENPOS,pos -f LOG10P,p_value -f N,sample_size -f A1FREQ,allele_freq /tmp/tmp.0JDmlsHifW_final
Error: unknown shorthand flag: 'e' in -e
Usage:
  csvtk mutate [flags] 

Flags:
      --after string     insert the new column right after the given column name
      --at int           where the new column should appear, 1 for the 1st column, 0 for the last column
      --before string    insert the new column right before the given column name
  -f, --fields string    select only these fields. e.g -f 1,2 or -f columnA,columnB (default "1")
  -h, --help             help for mutate
  -i, --ignore-case      ignore case
      --na               for unmatched data, use blank instead of original data
  -n, --name string      new column name
  -p, --pattern string   search regular expression with capture bracket. e.g. (default "^(.+)$")
  -R, --remove           remove input column

Global Flags:
  -C, --comment-char string    lines starting with commment-character will be ignored. if your header
                               row starts with '#', please assign "-C" another rare symbol, e.g. '$'
                               (default "#")
  -U, --delete-header          do not output header row
  -d, --delimiter string       delimiting character of the input CSV file (default ",")
  -E, --ignore-empty-row       ignore empty rows
  -I, --ignore-illegal-row     ignore illegal rows. You can also use 'csvtk fix' to fix files with
                               different numbers of columns in rows
  -X, --infile-list string     file of input files list (one file per line), if given, they are appended
                               to files from cli arguments
  -l, --lazy-quotes            if given, a quote may appear in an unquoted field and a non-doubled quote
                               may appear in a quoted field
  -H, --no-header-row          specifies that the input CSV file does not have header row
  -j, --num-cpus int           number of CPUs to use (default 1)
  -D, --out-delimiter string   delimiting character of the output CSV file, e.g., -D $'\t' for tab
                               (default ",")
  -o, --out-file string        out file ("-" for stdout, suffix .gz for gzipped out) (default "-")
  -T, --out-tabs               specifies that the output is delimited with tabs. Overrides "-D"
      --quiet                  be quiet and do not show extra information and warnings
  -Z, --show-row-number        show row number as the first column, with header row skipped
  -t, --tabs                   specifies that the input CSV file is delimited with tabs. Overrides "-d"
  -V, --version                print version information

[31m[ERRO][0m column "A1FREQ" not existed in file: /tmp/tmp.0JDmlsHifW_final
